# JRE version: OpenJDK Runtime Environment Temurin-21.0.12.1+1 (21.0.12.1+1) (build 21.0.12.1+1-LTS)
# Java VM: OpenJDK 64-Bit Server VM Temurin-21.0.12.1+1 (21.0.12.1+1-LTS, mixed mode, sharing, tiered, compressed oops, compressed class ptrs, parallel gc, windows-amd64)
GC Precious Log:
 CardTable entry size: 512
 CPUs: 8 total, 8 available
 Memory: 7926M
 Large Page Support: Disabled
 NUMA Support: Disabled
 Compressed Oops: Enabled (32-bit)
 Alignments: Space 512K, Generation 512K, Heap 2M
 Heap Min Capacity: 100M
 Heap Initial Capacity: 100M
 Heap Max Capacity: 2G
 Pre-touch: Disabled
 Parallel Workers: 8
Heap:
 PSYoungGen      total 2048K, used 1813K [0x00000000d5580000, 0x00000000d5c80000, 0x0000000100000000)
  eden space 1024K, 77% used [0x00000000d5580000,0x00000000d56457d0,0x00000000d5680000)
  from space 1024K, 100% used [0x00000000d5900000,0x00000000d5a00000,0x00000000d5a00000)
  to   space 2560K, 0% used [0x00000000d5680000,0x00000000d5680000,0x00000000d5900000)
 ParOldGen       total 1113088K, used 1112698K [0x0000000080000000, 0x00000000c3f00000, 0x00000000d5580000)
  object space 1113088K, 99% used [0x0000000080000000,0x00000000c3e9eb38,0x00000000c3f00000)
 Metaspace       used 74221K, committed 75712K, reserved 1179648K
  class space    used 7829K, committed 8448K, reserved 1048576K
GC Heap History (20 events):
Event: 288.701 GC heap before
{Heap before GC invocations=1996 (full 3):
 PSYoungGen      total 2560K, used 2540K [0x00000000d5580000, 0x00000000d5c80000, 0x0000000100000000)
  eden space 1536K, 100% used [0x00000000d5580000,0x00000000d5700000,0x00000000d5700000)
  from space 1024K, 98% used [0x00000000d5900000,0x00000000d59fb110,0x00000000d5a00000)
  to   space 2048K, 0% used [0x00000000d5700000,0x00000000d5700000,0x00000000d5900000)
 ParOldGen       total 1098240K, used 1098160K [0x0000000080000000, 0x00000000c3080000, 0x00000000d5580000)
  object space 1098240K, 99% used [0x0000000080000000,0x00000000c306c198,0x00000000c3080000)
 Metaspace       used 74143K, committed 75648K, reserved 1179648K
  class space    used 7825K, committed 8448K, reserved 1048576K
}
Event: 288.705 GC heap after
{Heap after GC invocations=1996 (full 3):
 PSYoungGen      total 3584K, used 1543K [0x00000000d5580000, 0x00000000d5b80000, 0x0000000100000000)
  eden space 1536K, 0% used [0x00000000d5580000,0x00000000d5580000,0x00000000d5700000)
  from space 2048K, 75% used [0x00000000d5700000,0x00000000d5881f20,0x00000000d5900000)
  to   space 2048K, 0% used [0x00000000d5980000,0x00000000d5980000,0x00000000d5b80000)
 ParOldGen       total 1099264K, used 1099157K [0x0000000080000000, 0x00000000c3180000, 0x00000000d5580000)
  object space 1099264K, 99% used [0x0000000080000000,0x00000000c31654c8,0x00000000c3180000)
 Metaspace       used 74143K, committed 75648K, reserved 1179648K
  class space    used 7825K, committed 8448K, reserved 1048576K
}
Event: 288.714 GC heap before
{Heap before GC invocations=1997 (full 3):
 PSYoungGen      total 3584K, used 3079K [0x00000000d5580000, 0x00000000d5b80000, 0x0000000100000000)
  eden space 1536K, 100% used [0x00000000d5580000,0x00000000d5700000,0x00000000d5700000)
  from space 2048K, 75% used [0x00000000d5700000,0x00000000d5881f20,0x00000000d5900000)
  to   space 2048K, 0% used [0x00000000d5980000,0x00000000d5980000,0x00000000d5b80000)
 ParOldGen       total 1099264K, used 1099157K [0x0000000080000000, 0x00000000c3180000, 0x00000000d5580000)
  object space 1099264K, 99% used [0x0000000080000000,0x00000000c31654c8,0x00000000c3180000)
 Metaspace       used 74143K, committed 75648K, reserved 1179648K
  class space    used 7825K, committed 8448K, reserved 1048576K
}
Event: 288.717 GC heap after
{Heap after GC invocations=1997 (full 3):
 PSYoungGen      total 4096K, used 1600K [0x00000000d5580000, 0x00000000d5b80000, 0x0000000100000000)
  eden space 2048K, 0% used [0x00000000d5580000,0x00000000d5580000,0x00000000d5780000)
  from space 2048K, 78% used [0x00000000d5980000,0x00000000d5b10000,0x00000000d5b80000)
  to   space 2048K, 0% used [0x00000000d5780000,0x00000000d5780000,0x00000000d5980000)
 ParOldGen       total 1100800K, used 1100609K [0x0000000080000000, 0x00000000c3300000, 0x00000000d5580000)
  object space 1100800K, 99% used [0x0000000080000000,0x00000000c32d0558,0x00000000c3300000)
 Metaspace       used 74143K, committed 75648K, reserved 1179648K
  class space    used 7825K, committed 8448K, reserved 1048576K
}
Event: 288.729 GC heap before
{Heap before GC invocations=1998 (full 3):
 PSYoungGen      total 4096K, used 3648K [0x00000000d5580000, 0x00000000d5b80000, 0x0000000100000000)
  eden space 2048K, 100% used [0x00000000d5580000,0x00000000d5780000,0x00000000d5780000)
  from space 2048K, 78% used [0x00000000d5980000,0x00000000d5b10000,0x00000000d5b80000)
  to   space 2048K, 0% used [0x00000000d5780000,0x00000000d5780000,0x00000000d5980000)
 ParOldGen       total 1100800K, used 1100609K [0x0000000080000000, 0x00000000c3300000, 0x00000000d5580000)
  object space 1100800K, 99% used [0x0000000080000000,0x00000000c32d0558,0x00000000c3300000)
 Metaspace       used 74143K, committed 75648K, reserved 1179648K
  class space    used 7825K, committed 8448K, reserved 1048576K
}
Event: 288.734 GC heap after
{Heap after GC invocations=1998 (full 3):
 PSYoungGen      total 4096K, used 2048K [0x00000000d5580000, 0x00000000d6000000, 0x0000000100000000)
  eden space 2048K, 0% used [0x00000000d5580000,0x00000000d5580000,0x00000000d5780000)
  from space 2048K, 100% used [0x00000000d5780000,0x00000000d5980000,0x00000000d5980000)
  to   space 4096K, 0% used [0x00000000d5c00000,0x00000000d5c00000,0x00000000d6000000)
 ParOldGen       total 1102336K, used 1102097K [0x0000000080000000, 0x00000000c3480000, 0x00000000d5580000)
  object space 1102336K, 99% used [0x0000000080000000,0x00000000c3444430,0x00000000c3480000)
 Metaspace       used 74143K, committed 75648K, reserved 1179648K
  class space    used 7825K, committed 8448K, reserved 1048576K
}
Event: 288.746 GC heap before
{Heap before GC invocations=1999 (full 3):
 PSYoungGen      total 4096K, used 4096K [0x00000000d5580000, 0x00000000d6000000, 0x0000000100000000)
  eden space 2048K, 100% used [0x00000000d5580000,0x00000000d5780000,0x00000000d5780000)
  from space 2048K, 100% used [0x00000000d5780000,0x00000000d5980000,0x00000000d5980000)
  to   space 4096K, 0% used [0x00000000d5c00000,0x00000000d5c00000,0x00000000d6000000)
 ParOldGen       total 1102336K, used 1102097K [0x0000000080000000, 0x00000000c3480000, 0x00000000d5580000)
  object space 1102336K, 99% used [0x0000000080000000,0x00000000c3444430,0x00000000c3480000)
 Metaspace       used 74143K, committed 75648K, reserved 1179648K
  class space    used 7825K, committed 8448K, reserved 1048576K
}
Event: 288.750 GC heap after
{Heap after GC invocations=1999 (full 3):
 PSYoungGen      total 4608K, used 1984K [0x00000000d5580000, 0x00000000d5e00000, 0x0000000100000000)
  eden space 2560K, 0% used [0x00000000d5580000,0x00000000d5580000,0x00000000d5800000)
  from space 2048K, 96% used [0x00000000d5c00000,0x00000000d5df0000,0x00000000d5e00000)
  to   space 2560K, 0% used [0x00000000d5900000,0x00000000d5900000,0x00000000d5b80000)
 ParOldGen       total 1104384K, used 1104056K [0x0000000080000000, 0x00000000c3680000, 0x00000000d5580000)
  object space 1104384K, 99% used [0x0000000080000000,0x00000000c362e2c0,0x00000000c3680000)
 Metaspace       used 74143K, committed 75648K, reserved 1179648K
  class space    used 7825K, committed 8448K, reserved 1048576K
}
Event: 288.800 GC heap before
{Heap before GC invocations=2000 (full 3):
 PSYoungGen      total 4608K, used 4544K [0x00000000d5580000, 0x00000000d5e00000, 0x0000000100000000)
  eden space 2560K, 100% used [0x00000000d5580000,0x00000000d5800000,0x00000000d5800000)
  from space 2048K, 96% used [0x00000000d5c00000,0x00000000d5df0000,0x00000000d5e00000)
  to   space 2560K, 0% used [0x00000000d5900000,0x00000000d5900000,0x00000000d5b80000)
 ParOldGen       total 1104384K, used 1104056K [0x0000000080000000, 0x00000000c3680000, 0x00000000d5580000)
  object space 1104384K, 99% used [0x0000000080000000,0x00000000c362e2c0,0x00000000c3680000)
 Metaspace       used 74164K, committed 75712K, reserved 1179648K
  class space    used 7825K, committed 8448K, reserved 1048576K
}
Event: 288.804 GC heap after
{Heap after GC invocations=2000 (full 3):
 PSYoungGen      total 5632K, used 2318K [0x00000000d5580000, 0x00000000d5d80000, 0x0000000100000000)
  eden space 3072K, 0% used [0x00000000d5580000,0x00000000d5580000,0x00000000d5880000)
  from space 2560K, 90% used [0x00000000d5900000,0x00000000d5b43820,0x00000000d5b80000)
  to   space 2048K, 0% used [0x00000000d5b80000,0x00000000d5b80000,0x00000000d5d80000)
 ParOldGen       total 1106432K, used 1106009K [0x0000000080000000, 0x00000000c3880000, 0x00000000d5580000)
  object space 1106432K, 99% used [0x0000000080000000,0x00000000c3816600,0x00000000c3880000)
 Metaspace       used 74164K, committed 75712K, reserved 1179648K
  class space    used 7825K, committed 8448K, reserved 1048576K
}
Event: 288.837 GC heap before
{Heap before GC invocations=2001 (full 3):
 PSYoungGen      total 5632K, used 5390K [0x00000000d5580000, 0x00000000d5d80000, 0x0000000100000000)
  eden space 3072K, 100% used [0x00000000d5580000,0x00000000d5880000,0x00000000d5880000)
  from space 2560K, 90% used [0x00000000d5900000,0x00000000d5b43820,0x00000000d5b80000)
  to   space 2048K, 0% used [0x00000000d5b80000,0x00000000d5b80000,0x00000000d5d80000)
 ParOldGen       total 1106432K, used 1106009K [0x0000000080000000, 0x00000000c3880000, 0x00000000d5580000)
  object space 1106432K, 99% used [0x0000000080000000,0x00000000c3816600,0x00000000c3880000)
 Metaspace       used 74178K, committed 75712K, reserved 1179648K
  class space    used 7826K, committed 8448K, reserved 1048576K
}
Event: 288.842 GC heap after
{Heap after GC invocations=2001 (full 3):
 PSYoungGen      total 2560K, used 2048K [0x00000000d5580000, 0x00000000d6380000, 0x0000000100000000)
  eden space 512K, 0% used [0x00000000d5580000,0x00000000d5580000,0x00000000d5600000)
  from space 2048K, 100% used [0x00000000d5b80000,0x00000000d5d80000,0x00000000d5d80000)
  to   space 5632K, 0% used [0x00000000d5600000,0x00000000d5600000,0x00000000d5b80000)
 ParOldGen       total 1108992K, used 1108824K [0x0000000080000000, 0x00000000c3b00000, 0x00000000d5580000)
  object space 1108992K, 99% used [0x0000000080000000,0x00000000c3ad63e0,0x00000000c3b00000)
 Metaspace       used 74178K, committed 75712K, reserved 1179648K
  class space    used 7826K, committed 8448K, reserved 1048576K
}
Event: 288.844 GC heap before
{Heap before GC invocations=2002 (full 3):
 PSYoungGen      total 2560K, used 2559K [0x00000000d5580000, 0x00000000d6380000, 0x0000000100000000)
  eden space 512K, 99% used [0x00000000d5580000,0x00000000d55fffb0,0x00000000d5600000)
  from space 2048K, 100% used [0x00000000d5b80000,0x00000000d5d80000,0x00000000d5d80000)
  to   space 5632K, 0% used [0x00000000d5600000,0x00000000d5600000,0x00000000d5b80000)
 ParOldGen       total 1108992K, used 1108824K [0x0000000080000000, 0x00000000c3b00000, 0x00000000d5580000)
  object space 1108992K, 99% used [0x0000000080000000,0x00000000c3ad63e0,0x00000000c3b00000)
 Metaspace       used 74178K, committed 75712K, reserved 1179648K
  class space    used 7826K, committed 8448K, reserved 1048576K
}
Event: 288.849 GC heap after
{Heap after GC invocations=2002 (full 3):
 PSYoungGen      total 1024K, used 512K [0x00000000d5580000, 0x00000000d5c00000, 0x0000000100000000)
  eden space 512K, 0% used [0x00000000d5580000,0x00000000d5580000,0x00000000d5600000)
  from space 512K, 100% used [0x00000000d5600000,0x00000000d5680000,0x00000000d5680000)
  to   space 2560K, 0% used [0x00000000d5980000,0x00000000d5980000,0x00000000d5c00000)
 ParOldGen       total 1111040K, used 1110908K [0x0000000080000000, 0x00000000c3d00000, 0x00000000d5580000)
  object space 1111040K, 99% used [0x0000000080000000,0x00000000c3cdf000,0x00000000c3d00000)
 Metaspace       used 74178K, committed 75712K, reserved 1179648K
  class space    used 7826K, committed 8448K, reserved 1048576K
}
Event: 288.850 GC heap before
{Heap before GC invocations=2003 (full 3):
 PSYoungGen      total 1024K, used 1023K [0x00000000d5580000, 0x00000000d5c00000, 0x0000000100000000)
  eden space 512K, 99% used [0x00000000d5580000,0x00000000d55fffe8,0x00000000d5600000)
  from space 512K, 100% used [0x00000000d5600000,0x00000000d5680000,0x00000000d5680000)
  to   space 2560K, 0% used [0x00000000d5980000,0x00000000d5980000,0x00000000d5c00000)
 ParOldGen       total 1111040K, used 1110908K [0x0000000080000000, 0x00000000c3d00000, 0x00000000d5580000)
  object space 1111040K, 99% used [0x0000000080000000,0x00000000c3cdf000,0x00000000c3d00000)
 Metaspace       used 74178K, committed 75712K, reserved 1179648K
  class space    used 7826K, committed 8448K, reserved 1048576K
}
Event: 288.853 GC heap after
{Heap after GC invocations=2003 (full 3):
 PSYoungGen      total 1536K, used 512K [0x00000000d5580000, 0x00000000d5a00000, 0x0000000100000000)
  eden space 1024K, 0% used [0x00000000d5580000,0x00000000d5580000,0x00000000d5680000)
  from space 512K, 100% used [0x00000000d5980000,0x00000000d5a00000,0x00000000d5a00000)
  to   space 1024K, 0% used [0x00000000d5800000,0x00000000d5800000,0x00000000d5900000)
 ParOldGen       total 1111552K, used 1111313K [0x0000000080000000, 0x00000000c3d80000, 0x00000000d5580000)
  object space 1111552K, 99% used [0x0000000080000000,0x00000000c3d447b8,0x00000000c3d80000)
 Metaspace       used 74178K, committed 75712K, reserved 1179648K
  class space    used 7826K, committed 8448K, reserved 1048576K
}
Event: 288.856 GC heap before
{Heap before GC invocations=2004 (full 3):
 PSYoungGen      total 1536K, used 1535K [0x00000000d5580000, 0x00000000d5a00000, 0x0000000100000000)
  eden space 1024K, 99% used [0x00000000d5580000,0x00000000d567ff58,0x00000000d5680000)
  from space 512K, 100% used [0x00000000d5980000,0x00000000d5a00000,0x00000000d5a00000)
  to   space 1024K, 0% used [0x00000000d5800000,0x00000000d5800000,0x00000000d5900000)
 ParOldGen       total 1111552K, used 1111313K [0x0000000080000000, 0x00000000c3d80000, 0x00000000d5580000)
  object space 1111552K, 99% used [0x0000000080000000,0x00000000c3d447b8,0x00000000c3d80000)
 Metaspace       used 74180K, committed 75712K, reserved 1179648K
  class space    used 7826K, committed 8448K, reserved 1048576K
}
Event: 288.859 GC heap after
{Heap after GC invocations=2004 (full 3):
 PSYoungGen      total 2560K, used 914K [0x00000000d5580000, 0x00000000d5a00000, 0x0000000100000000)
  eden space 1536K, 0% used [0x00000000d5580000,0x00000000d5580000,0x00000000d5700000)
  from space 1024K, 89% used [0x00000000d5800000,0x00000000d58e4ac8,0x00000000d5900000)
  to   space 1024K, 0% used [0x00000000d5900000,0x00000000d5900000,0x00000000d5a00000)
 ParOldGen       total 1112064K, used 1111729K [0x0000000080000000, 0x00000000c3e00000, 0x00000000d5580000)
  object space 1112064K, 99% used [0x0000000080000000,0x00000000c3dac7b8,0x00000000c3e00000)
 Metaspace       used 74180K, committed 75712K, reserved 1179648K
  class space    used 7826K, committed 8448K, reserved 1048576K
}
Event: 535.161 GC heap before
{Heap before GC invocations=2005 (full 3):
 PSYoungGen      total 2560K, used 2450K [0x00000000d5580000, 0x00000000d5a00000, 0x0000000100000000)
  eden space 1536K, 99% used [0x00000000d5580000,0x00000000d56fffe8,0x00000000d5700000)
  from space 1024K, 89% used [0x00000000d5800000,0x00000000d58e4ac8,0x00000000d5900000)
  to   space 1024K, 0% used [0x00000000d5900000,0x00000000d5900000,0x00000000d5a00000)
 ParOldGen       total 1112064K, used 1111729K [0x0000000080000000, 0x00000000c3e00000, 0x00000000d5580000)
  object space 1112064K, 99% used [0x0000000080000000,0x00000000c3dac7b8,0x00000000c3e00000)
 Metaspace       used 74189K, committed 75712K, reserved 1179648K
  class space    used 7827K, committed 8448K, reserved 1048576K
}
Event: 535.320 GC heap after
{Heap after GC invocations=2005 (full 3):
 PSYoungGen      total 2048K, used 1024K [0x00000000d5580000, 0x00000000d5c80000, 0x0000000100000000)
  eden space 1024K, 0% used [0x00000000d5580000,0x00000000d5580000,0x00000000d5680000)
  from space 1024K, 100% used [0x00000000d5900000,0x00000000d5a00000,0x00000000d5a00000)
  to   space 2560K, 0% used [0x00000000d5680000,0x00000000d5680000,0x00000000d5900000)
 ParOldGen       total 1113088K, used 1112698K [0x0000000080000000, 0x00000000c3f00000, 0x00000000d5580000)
  object space 1113088K, 99% used [0x0000000080000000,0x00000000c3e9eb38,0x00000000c3f00000)
 Metaspace       used 74189K, committed 75712K, reserved 1179648K
  class space    used 7827K, committed 8448K, reserved 1048576K
}

